e:\documents\githubdir\ogl\ogl\x64\debug\vc143.pdb
e:\documents\githubdir\ogl\ogl\x64\debug\vc143.idb
e:\documents\githubdir\ogl\ogl\x64\debug\glad.obj
e:\documents\githubdir\ogl\ogl\x64\debug\window.obj
e:\documents\githubdir\ogl\ogl\x64\debug\initialize.obj
e:\documents\githubdir\ogl\ogl\x64\debug\main.obj
e:\documents\githubdir\ogl\ogl\x64\debug\timer.obj
e:\documents\githubdir\ogl\ogl\x64\debug\ogl.ilk
e:\documents\githubdir\ogl\ogl\x64\debug\test.obj
e:\documents\githubdir\ogl\x64\debug\ogl.pdb
e:\documents\githubdir\ogl\ogl\x64\debug\ogl.tlog\cl.command.1.tlog
e:\documents\githubdir\ogl\ogl\x64\debug\ogl.tlog\cl.items.tlog
e:\documents\githubdir\ogl\ogl\x64\debug\ogl.tlog\cl.read.1.tlog
e:\documents\githubdir\ogl\ogl\x64\debug\ogl.tlog\cl.write.1.tlog
e:\documents\githubdir\ogl\ogl\x64\debug\ogl.tlog\link-cvtres.read.1.tlog
e:\documents\githubdir\ogl\ogl\x64\debug\ogl.tlog\link-cvtres.write.1.tlog
e:\documents\githubdir\ogl\ogl\x64\debug\ogl.tlog\link-rc.read.1.tlog
e:\documents\githubdir\ogl\ogl\x64\debug\ogl.tlog\link-rc.write.1.tlog
e:\documents\githubdir\ogl\ogl\x64\debug\ogl.tlog\link.8772-cvtres.read.1.tlog
e:\documents\githubdir\ogl\ogl\x64\debug\ogl.tlog\link.8772-cvtres.write.1.tlog
e:\documents\githubdir\ogl\ogl\x64\debug\ogl.tlog\link.8772-rc.read.1.tlog
e:\documents\githubdir\ogl\ogl\x64\debug\ogl.tlog\link.8772-rc.write.1.tlog
e:\documents\githubdir\ogl\ogl\x64\debug\ogl.tlog\link.8772.read.1.tlog
e:\documents\githubdir\ogl\ogl\x64\debug\ogl.tlog\link.8772.read.2.tlog
e:\documents\githubdir\ogl\ogl\x64\debug\ogl.tlog\link.8772.write.1.tlog
e:\documents\githubdir\ogl\ogl\x64\debug\ogl.tlog\link.command.1.tlog
e:\documents\githubdir\ogl\ogl\x64\debug\ogl.tlog\link.read.1.tlog
e:\documents\githubdir\ogl\ogl\x64\debug\ogl.tlog\link.read.2.tlog
e:\documents\githubdir\ogl\ogl\x64\debug\ogl.tlog\link.secondary.1.tlog
e:\documents\githubdir\ogl\ogl\x64\debug\ogl.tlog\link.write.1.tlog
